<?xml version="1.0" encoding="UTF-8"?>
<!-- Generated by org.testng.reporters.JUnitReportReporter -->
<testsuite hostname="md1zxb7c" failures="0" tests="2" name="com.mmt.testcases.AddCustomer" time="13.906" errors="0" timestamp="2019-10-02T15:51:20 IST" skipped="0">
  <testcase classname="com.mmt.testcases.AddCustomer" name="AddCustomer" time="13.904"/>
  <testcase classname="com.mmt.testcases.AddCustomer" name="ValidateAlerts" time="0.002"/>
</testsuite> <!-- com.mmt.testcases.AddCustomer -->
