<?xml version="1.0" encoding="UTF-8"?>
<!-- Generated by org.testng.reporters.JUnitReportReporter -->
<testsuite skipped="0" hostname="md1zxb7c" name="com.mmt.testcases.FilterTest" tests="4" failures="0" timestamp="2019-10-05T14:16:52 IST" time="2.551" errors="0">
  <testcase name="NavigateToCategories" time="1.879" classname="com.mmt.testcases.FilterTest"/>
  <testcase name="ValidateFilters" time="0.035" classname="com.mmt.testcases.FilterTest"/>
  <testcase name="ValidateDisplayedBreadCrumb" time="0.022" classname="com.mmt.testcases.FilterTest"/>
  <testcase name="ValidateSelectedFilters" time="0.615" classname="com.mmt.testcases.FilterTest"/>
</testsuite> <!-- com.mmt.testcases.FilterTest -->
