<?xml version="1.0" encoding="UTF-8"?>
<testsuite name="TestSuite" time="2.949" tests="4" errors="0" skipped="0" failures="0">
  <properties>
    <property name="PROCESSOR_ARCHITECTURE" value="AMD64"/>
    <property name="file.encoding.pkg" value="sun.io"/>
    <property name="LOGONSERVER" value="\\SGSGPAHC02A"/>
    <property name="ProgramData" value="C:\ProgramData"/>
    <property name="java.home" value="C:\Program Files\Java\jdk1.8.0_221\jre"/>
    <property name="NODE_NAME" value="master"/>
    <property name="JENKINS_URL" value="http://localhost:8080/"/>
    <property name="APPLOGSC" value="C:\WINDOWS\Logs\ManagedPC\Applications"/>
    <property name="NetlogonDWP" value="\\ad005.onehc.net\NETLOGON\RA106\Win10"/>
    <property name="ALLUSERSPROFILE" value="C:\ProgramData"/>
    <property name="java.endorsed.dirs" value="C:\Program Files\Java\jdk1.8.0_221\jre\lib\endorsed"/>
    <property name="PSModulePath" value="C:\Program Files\WindowsPowerShell\Modules;C:\WINDOWS\system32\WindowsPowerShell\v1.0\Modules"/>
    <property name="=::" value="::\"/>
    <property name="SiteServer" value="inbomw77scrmsx.in002.siemens.net"/>
    <property name="USERDOMAIN" value="AD005"/>
    <property name="sun.os.patch.level" value=""/>
    <property name="java.vendor.url" value="http://java.oracle.com/"/>
    <property name="CommonProgramFiles(x86)" value="C:\Program Files (x86)\Common Files"/>
    <property name="java.version" value="1.8.0_221"/>
    <property name="JOB_NAME" value="CI_Maven_Trial_2"/>
    <property name="COMPUTERNAME" value="MD1ZXB7C"/>
    <property name="java.vendor.url.bug" value="http://bugreport.sun.com/bugreport/"/>
    <property name="PUBLIC" value="C:\Users\Public"/>
    <property name="user.name" value="z003xyuf"/>
    <property name="sun.io.unicode.encoding" value="UnicodeLittle"/>
    <property name="sun.jnu.encoding" value="Cp1252"/>
    <property name="java.runtime.name" value="Java(TM) SE Runtime Environment"/>
    <property name="windir" value="C:\WINDOWS"/>
    <property name="PROCESSOR_IDENTIFIER" value="Intel64 Family 6 Model 78 Stepping 3, GenuineIntel"/>
    <property name="java.specification.name" value="Java Platform API Specification"/>
    <property name="LOCALAPPDATA" value="C:\Users\Z003XYUF\AppData\Local"/>
    <property name="RUN_CHANGES_DISPLAY_URL" value="http://localhost:8080/job/CI_Maven_Trial_2/2/display/redirect?page=changes"/>
    <property name="user.timezone" value="Asia/Calcutta"/>
    <property name="user.script" value=""/>
    <property name="path.separator" value=";"/>
    <property name="CONDA_EXE" value="C:\Users\Z003XYUF\AppData\Local\Continuum\anaconda3\Scripts\conda.exe"/>
    <property name="NUMBER_OF_PROCESSORS" value="4"/>
    <property name="BUILD_TAG" value="jenkins-CI_Maven_Trial_2-2"/>
    <property name="CONDA_SHLVL" value="1"/>
    <property name="file.encoding" value="Cp1252"/>
    <property name="VS140COMNTOOLS" value="C:\Program Files (x86)\Microsoft Visual Studio 14.0\Common7\Tools\"/>
    <property name="sun.java.command" value="jenkins.maven3.agent.Maven35Main C:\Users\Z003XYUF\.jenkins\tools\hudson.tasks.Maven_MavenInstallation\Maven_3.6 C:\Users\Z003XYUF\.jenkins\war\WEB-INF\lib\remoting-3.33.jar C:\Users\Z003XYUF\.jenkins\plugins\maven-plugin\WEB-INF\lib\maven35-interceptor-1.13.jar C:\Users\Z003XYUF\.jenkins\plugins\maven-plugin\WEB-INF\lib\maven3-interceptor-commons-1.13.jar 22241"/>
    <property name="HUDSON_URL" value="http://localhost:8080/"/>
    <property name="JENKINS_SERVER_COOKIE" value="cdb599f3ad50ff0f"/>
    <property name="=D:" value="D:\Automat_IT"/>
    <property name="EXECUTOR_NUMBER" value="0"/>
    <property name="Path" value="C:\Program Files\Java\jdk1.8.0_221/bin;C:\Users\Z003XYUF\AppData\Local\Continuum\anaconda3;C:\Users\Z003XYUF\AppData\Local\Continuum\anaconda3\Library\mingw-w64\bin;C:\Users\Z003XYUF\AppData\Local\Continuum\anaconda3\Library\usr\bin;C:\Users\Z003XYUF\AppData\Local\Continuum\anaconda3\Library\bin;C:\Users\Z003XYUF\AppData\Local\Continuum\anaconda3\Scripts;C:\Users\Z003XYUF\AppData\Local\Continuum\anaconda3\bin;C:\Users\Z003XYUF\AppData\Local\Continuum\anaconda3\condabin;C:\Program Files (x86)\Common Files\Oracle\Java\javapath;C:\Program Files (x86)\Intel\iCLS Client;C:\Program Files\Intel\iCLS Client;C:\Program Files (x86)\Common Files\Intel\Shared Libraries\redist\ia32\mpirt;C:\Program Files (x86)\Common Files\Intel\Shared Libraries\redist\ia32\compiler;C:\Program Files (x86)\Common Files\Intel\Shared Files\fortran\bin\ia32;C:\WINDOWS\system32;C:\WINDOWS;C:\WINDOWS\System32\Wbem;C:\WINDOWS\System32\WindowsPowerShell\v1.0;C:\WINDOWS\System32\OpenSSH;C:\Program Files (x86)\Plantronics\Spokes3G SDK;C:\Program Files (x86)\Common Files\Siemens\System;C:\Program Files\TortoiseSVN\bin;C:\WINDOWS\system32\config\systemprofile\.dnx\bin;C:\Program Files\Microsoft DNX\Dnvm;C:\Program Files\Microsoft SQL Server\120\Tools\Binn;C:\Program Files\Microsoft SQL Server\130\Tools\Binn;C:\Program Files (x86)\Intel\Intel(R) Management Engine Components\DAL;C:\Program Files\Intel\Intel(R) Management Engine Components\DAL;C:\Program Files (x86)\Intel\Intel(R) Management Engine Components\IPT;C:\Program Files\Intel\Intel(R) Management Engine Components\IPT;D:\Python\Practice samples;C:\Users\Z003XYUF\AppData\Local\Programs\Python\Python36-32;C:\Users\Z003XYUF\AppData\Local\Programs\Python\Python36-32\Scripts;D:\Blac\object_detection;C:\Program Files\dotnet;C:\Tools\gradle-5.5\bin;C:\Tools\swigwin-4.0.0;C:\Program Files\Java\jdk-12.0.2\bin;C:\Users\Z003XYUF\AppData\Local\Microsoft\WindowsApps;."/>
    <property name="V2020OSLoc" value="IN/BLR"/>
    <property name="DefaultScreensaver" value="scrnsave.scr"/>
    <property name="java.io.tmpdir" value="C:\Users\Z003XYUF\AppData\Local\Temp\"/>
    <property name="APPDATA" value="C:\Users\Z003XYUF\AppData\Roaming"/>
    <property name="user.language" value="en"/>
    <property name="line.separator" value="&#10;"/>
    <property name="BUILD_URL" value="http://localhost:8080/job/CI_Maven_Trial_2/2/"/>
    <property name="INTEL_DEV_REDIST" value="C:\Program Files (x86)\Common Files\Intel\Shared Libraries\"/>
    <property name="M2_HOME" value="C:\Users\Z003XYUF\.jenkins\tools\hudson.tasks.Maven_MavenInstallation\Maven_3.6"/>
    <property name="=C:" value="C:\Users\Z003XYUF"/>
    <property name="java.vm.info" value="mixed mode"/>
    <property name="DriverData" value="C:\Windows\System32\Drivers\DriverData"/>
    <property name="sun.desktop" value="windows"/>
    <property name="java.vm.specification.name" value="Java Virtual Machine Specification"/>
    <property name="BUILD_DISPLAY_NAME" value="#2"/>
    <property name="OS" value="Windows_NT"/>
    <property name="guice.disable.misplaced.annotation.check" value="true"/>
    <property name="HUDSON_SERVER_COOKIE" value="cdb599f3ad50ff0f"/>
    <property name="MAVEN_HOME" value="C:\Users\Z003XYUF\.jenkins\tools\hudson.tasks.Maven_MavenInstallation\Maven_3.6"/>
    <property name="SESSIONNAME" value="Console"/>
    <property name="PATHEXT" value=".COM;.EXE;.BAT;.CMD;.VBS;.VBE;.JS;.JSE;.WSF;.WSH;.MSC;py"/>
    <property name="java.awt.printerjob" value="sun.awt.windows.WPrinterJob"/>
    <property name="maven3.interceptor.common" value="C:\Users\Z003XYUF\.jenkins\plugins\maven-plugin\WEB-INF\lib\maven3-interceptor-commons-1.13.jar"/>
    <property name="CLASSPATH" value=""/>
    <property name="F_IA32_REDIST11" value="C:\Program Files (x86)\Common Files\Intel\Shared Files\fortran\"/>
    <property name="HOMEPATH" value="\Users\Z003XYUF"/>
    <property name="System.env.POCKETSPHINX_HOME" value="D:\XUMA\PocketSphinxXam-master\pocketsphinx-5prealpha"/>
    <property name="os.name" value="Windows 10"/>
    <property name="java.specification.vendor" value="Oracle Corporation"/>
    <property name="java.vm.name" value="Java HotSpot(TM) 64-Bit Server VM"/>
    <property name="BUILD_NUMBER" value="2"/>
    <property name="maven3.interceptor" value="C:\Users\Z003XYUF\.jenkins\plugins\maven-plugin\WEB-INF\lib\maven35-interceptor-1.13.jar"/>
    <property name="AppLogsU" value="C:\Users\Z003XYUF\AppData\Local\ManagedPC\Applications"/>
    <property name="java.library.path" value="C:\Program Files\Java\jdk1.8.0_221\bin;C:\WINDOWS\Sun\Java\bin;C:\WINDOWS\system32;C:\WINDOWS;C:\Users\Z003XYUF\.jenkins\tools\hudson.tasks.Maven_MavenInstallation\Maven_3.6/bin;C:\Program Files\Java\jdk1.8.0_221/bin;C:\Program Files\Java\jdk1.8.0_221/bin;C:\Users\Z003XYUF\AppData\Local\Continuum\anaconda3;C:\Users\Z003XYUF\AppData\Local\Continuum\anaconda3\Library\mingw-w64\bin;C:\Users\Z003XYUF\AppData\Local\Continuum\anaconda3\Library\usr\bin;C:\Users\Z003XYUF\AppData\Local\Continuum\anaconda3\Library\bin;C:\Users\Z003XYUF\AppData\Local\Continuum\anaconda3\Scripts;C:\Users\Z003XYUF\AppData\Local\Continuum\anaconda3\bin;C:\Users\Z003XYUF\AppData\Local\Continuum\anaconda3\condabin;C:\Program Files (x86)\Common Files\Oracle\Java\javapath;C:\Program Files (x86)\Intel\iCLS Client;C:\Program Files\Intel\iCLS Client;C:\Program Files (x86)\Common Files\Intel\Shared Libraries\redist\ia32\mpirt;C:\Program Files (x86)\Common Files\Intel\Shared Libraries\redist\ia32\compiler;C:\Program Files (x86)\Common Files\Intel\Shared Files\fortran\bin\ia32;C:\WINDOWS\system32;C:\WINDOWS;C:\WINDOWS\System32\Wbem;C:\WINDOWS\System32\WindowsPowerShell\v1.0;C:\WINDOWS\System32\OpenSSH;C:\Program Files (x86)\Plantronics\Spokes3G SDK;C:\Program Files (x86)\Common Files\Siemens\System;C:\Program Files\TortoiseSVN\bin;C:\WINDOWS\system32\config\systemprofile\.dnx\bin;C:\Program Files\Microsoft DNX\Dnvm;C:\Program Files\Microsoft SQL Server\120\Tools\Binn;C:\Program Files\Microsoft SQL Server\130\Tools\Binn;C:\Program Files (x86)\Intel\Intel(R) Management Engine Components\DAL;C:\Program Files\Intel\Intel(R) Management Engine Components\DAL;C:\Program Files (x86)\Intel\Intel(R) Management Engine Components\IPT;C:\Program Files\Intel\Intel(R) Management Engine Components\IPT;D:\Python\Practice samples;C:\Users\Z003XYUF\AppData\Local\Programs\Python\Python36-32;C:\Users\Z003XYUF\AppData\Local\Programs\Python\Python36-32\Scripts;D:\Blac\object_detection;C:\Program Files\dotnet;C:\Tools\gradle-5.5\bin;C:\Tools\swigwin-4.0.0;C:\Program Files\Java\jdk-12.0.2\bin;C:\Users\Z003XYUF\AppData\Local\Microsoft\WindowsApps;.;."/>
    <property name="HOMEDRIVE" value="C:"/>
    <property name="POM_GROUPID" value="com.mmt"/>
    <property name="POM_ARTIFACTID" value="Automate_MMT"/>
    <property name="java.class.version" value="52.0"/>
    <property name="JOB_URL" value="http://localhost:8080/job/CI_Maven_Trial_2/"/>
    <property name="OneDrive" value="C:\Users\Z003XYUF\OneDrive"/>
    <property name="RUN_DISPLAY_URL" value="http://localhost:8080/job/CI_Maven_Trial_2/2/display/redirect"/>
    <property name="JENKINS_HOME" value="C:\Users\Z003XYUF\.jenkins"/>
    <property name="BUILD_ID" value="2"/>
    <property name="TEMP" value="C:\Users\Z003XYUF\AppData\Local\Temp"/>
    <property name="sun.boot.library.path" value="C:\Program Files\Java\jdk1.8.0_221\jre\bin"/>
    <property name="sun.management.compiler" value="HotSpot 64-Bit Tiered Compilers"/>
    <property name="java.awt.graphicsenv" value="sun.awt.Win32GraphicsEnvironment"/>
    <property name="user.variant" value=""/>
    <property name="PROCESSOR_REVISION" value="4e03"/>
    <property name="POM_VERSION" value="0.0.1-SNAPSHOT"/>
    <property name="HUDSON_HOME" value="C:\Users\Z003XYUF\.jenkins"/>
    <property name="ProgramFiles(x86)" value="C:\Program Files (x86)"/>
    <property name="PATH+MAVEN" value="C:\Users\Z003XYUF\.jenkins\tools\hudson.tasks.Maven_MavenInstallation\Maven_3.6/bin"/>
    <property name="USERDOMAIN_ROAMINGPROFILE" value="AD005"/>
    <property name="PROMPT" value="(base) $P$G"/>
    <property name="CONDA_PYTHON_EXE" value="C:\Users\Z003XYUF\AppData\Local\Continuum\anaconda3\python.exe"/>
    <property name="CONDA_PROMPT_MODIFIER" value="(base) "/>
    <property name="CONDA_DEFAULT_ENV" value="base"/>
    <property name="CONDA_PREFIX" value="C:\Users\Z003XYUF\AppData\Local\Continuum\anaconda3"/>
    <property name="java.vm.specification.version" value="1.8"/>
    <property name="JAVA_HOME" value="C:\Program Files\Java\jdk1.8.0_221"/>
    <property name="awt.toolkit" value="sun.awt.windows.WToolkit"/>
    <property name="NODE_LABELS" value="master"/>
    <property name="sun.cpu.isalist" value="amd64"/>
    <property name="USERPROFILE" value="C:\Users\Z003XYUF"/>
    <property name="asl.log" value="Destination=file"/>
    <property name="JOB_DISPLAY_URL" value="http://localhost:8080/job/CI_Maven_Trial_2/display/redirect"/>
    <property name="java.ext.dirs" value="C:\Program Files\Java\jdk1.8.0_221\jre\lib\ext;C:\WINDOWS\Sun\Java\lib\ext"/>
    <property name="os.version" value="10.0"/>
    <property name="user.home" value="C:\Users\Z003XYUF"/>
    <property name="USERNAME" value="z003xyuf"/>
    <property name="java.vm.vendor" value="Oracle Corporation"/>
    <property name="PROCESSOR_LEVEL" value="6"/>
    <property name="USERDNSDOMAIN" value="AD005.ONEHC.NET"/>
    <property name="CommonProgramW6432" value="C:\Program Files\Common Files"/>
    <property name="user.dir" value="D:\Automat_IT\Automate_Myntra"/>
    <property name="maven.conf" value="C:\Users\Z003XYUF\.jenkins\tools\hudson.tasks.Maven_MavenInstallation\Maven_3.6\conf"/>
    <property name="ProgramW6432" value="C:\Program Files"/>
    <property name="TMP" value="C:\Users\Z003XYUF\AppData\Local\Temp"/>
    <property name="UATDATA" value="C:\WINDOWS\CCM\UATData\D9F8C395-CAB8-491d-B8AC-179A1FE1BE77"/>
    <property name="sun.cpu.endian" value="little"/>
    <property name="SystemDrive" value="C:"/>
    <property name="java.vm.version" value="25.221-b11"/>
    <property name="java.class.path" value="C:\Users\Z003XYUF\.jenkins\plugins\maven-plugin\WEB-INF\lib\maven35-agent-1.13.jar;C:\Users\Z003XYUF\.jenkins\tools\hudson.tasks.Maven_MavenInstallation\Maven_3.6\boot\plexus-classworlds-2.6.0.jar;C:\Users\Z003XYUF\.jenkins\tools\hudson.tasks.Maven_MavenInstallation\Maven_3.6/conf/logging"/>
    <property name="org.slf4j.simpleLogger.defaultLogLevel" value="info"/>
    <property name="os.arch" value="amd64"/>
    <property name="WORKSPACE" value="C:\Users\Z003XYUF\.jenkins\workspace\CI_Maven_Trial_2"/>
    <property name="ComSpec" value="C:\WINDOWS\system32\cmd.exe"/>
    <property name="sun.java.launcher" value="SUN_STANDARD"/>
    <property name="FPS_BROWSER_APP_PROFILE_STRING" value="Internet Explorer"/>
    <property name="SystemRoot" value="C:\WINDOWS"/>
    <property name="CommonProgramFiles" value="C:\Program Files\Common Files"/>
    <property name="java.vm.specification.vendor" value="Oracle Corporation"/>
    <property name="FPS_BROWSER_USER_PROFILE_STRING" value="Default"/>
    <property name="file.separator" value="\"/>
    <property name="java.runtime.version" value="1.8.0_221-b11"/>
    <property name="sun.boot.class.path" value="C:\Program Files\Java\jdk1.8.0_221\jre\lib\resources.jar;C:\Program Files\Java\jdk1.8.0_221\jre\lib\rt.jar;C:\Program Files\Java\jdk1.8.0_221\jre\lib\sunrsasign.jar;C:\Program Files\Java\jdk1.8.0_221\jre\lib\jsse.jar;C:\Program Files\Java\jdk1.8.0_221\jre\lib\jce.jar;C:\Program Files\Java\jdk1.8.0_221\jre\lib\charsets.jar;C:\Program Files\Java\jdk1.8.0_221\jre\lib\jfr.jar;C:\Program Files\Java\jdk1.8.0_221\jre\classes"/>
    <property name="ProgramFiles" value="C:\Program Files"/>
    <property name="Desktop" value="C:\Users\Z003XYUF\Desktop"/>
    <property name="PATH+JDK" value="C:\Program Files\Java\jdk1.8.0_221/bin"/>
    <property name="user.country" value="US"/>
    <property name="POM_PACKAGING" value="jar"/>
    <property name="maven.home" value="C:\Users\Z003XYUF\.jenkins\tools\hudson.tasks.Maven_MavenInstallation\Maven_3.6"/>
    <property name="System.env.SPINXBASE_HOME" value="D:\XUMA\PocketSphinxXam-master\sphinx4-5prealpha-src"/>
    <property name="JOB_BASE_NAME" value="CI_Maven_Trial_2"/>
    <property name="java.vendor" value="Oracle Corporation"/>
    <property name="POM_DISPLAYNAME" value="Automate_MMT"/>
    <property name="java.specification.version" value="1.8"/>
    <property name="NetLogon" value="\\ad005.onehc.net\NETLOGON\RA106\Win10"/>
    <property name="sun.arch.data.model" value="64"/>
  </properties>
  <testcase name="NavigateToCategories" classname="com.mmt.testcases.FilterTest" time="2.15"/>
  <testcase name="ValidateFilters" classname="com.mmt.testcases.FilterTest" time="0.074"/>
  <testcase name="ValidateDisplayedBreadCrumb" classname="com.mmt.testcases.FilterTest" time="0.022"/>
  <testcase name="ValidateSelectedFilters" classname="com.mmt.testcases.FilterTest" time="0.703"/>
</testsuite>