<?xml version="1.0" encoding="UTF-8"?>
<!-- Generated by org.testng.reporters.JUnitReportReporter -->
<testsuite skipped="0" hostname="md1zxb7c" name="com.mmt.testcases.FilterTest" tests="4" failures="0" timestamp="2019-10-06T22:04:39 IST" time="2.948" errors="0">
  <testcase name="NavigateToCategories" time="2.148" classname="com.mmt.testcases.FilterTest"/>
  <testcase name="ValidateFilters" time="0.074" classname="com.mmt.testcases.FilterTest"/>
  <testcase name="ValidateDisplayedBreadCrumb" time="0.023" classname="com.mmt.testcases.FilterTest"/>
  <testcase name="ValidateSelectedFilters" time="0.703" classname="com.mmt.testcases.FilterTest"/>
</testsuite> <!-- com.mmt.testcases.FilterTest -->
